<?xml version="1.0" encoding="UTF-8"?>
<!-- Generated by org.testng.reporters.JUnitReportReporter -->
<testsuite skipped="0" hostname="DESKTOP-G364VAV" name="TestNG.P1" tests="3" failures="0" timestamp="2020-09-10T22:38:24 IST" time="0.009" errors="0">
  <testcase name="apple" time="0.007" classname="TestNG.P1"/>
  <system-out/>
  <testcase name="banana" time="0.001" classname="TestNG.P1"/>
  <system-out>
from banana()  </system-out>
  <testcase name="zebra" time="0.001" classname="TestNG.P1"/>
  <system-out>
from zebra()  </system-out>
</testsuite> <!-- TestNG.P1 -->
